(4, 3)
[[ 1.  0.  0.]
 [-1.  1.  0.]
 [ 0. -1.  1.]
 [ 0.  0. -1.]]
(4, 10)
(3, 10)
(3, 10)
========================= 1x1x4 SP Table =========================
Eigenval:  (1+0j)
Eigenvec:  [1.72307743e-32+0.j 0.00000000e+00+0.j 0.00000000e+00+0.j
 0.00000000e+00-0.j 0.00000000e+00+0.j 0.00000000e+00+0.j
 0.00000000e+00+0.j 0.00000000e+00+0.j 0.00000000e+00-0.j
 0.00000000e+00+0.j]
Eigenval:  (1+0j)
Eigenvec:  [7.76005088e-17+0.j 7.76005088e-17+0.j 0.00000000e+00+0.j
 0.00000000e+00-0.j 0.00000000e+00+0.j 0.00000000e+00+0.j
 0.00000000e+00+0.j 0.00000000e+00+0.j 0.00000000e+00-0.j
 0.00000000e+00+0.j]
Eigenval:  (1+0j)
Eigenvec:  [0.34948162+0.j 0.34948162+0.j 0.34948162+0.j 0.        -0.j
 0.        +0.j 0.        +0.j 0.        +0.j 0.        +0.j
 0.        -0.j 0.        +0.j]
Eigenval:  (0.9450680868231324+0.8545175144390458j)
Eigenvec:  [-3.49481623e-001+0.j -3.49481623e-001+0.j -3.49481623e-001+0.j
  0.00000000e+000-0.j  0.00000000e+000+0.j  5.01042090e-292+0.j
  0.00000000e+000+0.j  0.00000000e+000+0.j  0.00000000e+000-0.j
  0.00000000e+000+0.j]
Eigenval:  (0.9450680868231324-0.8545175144390458j)
Eigenvec:  [-2.62111217e-01+0.j         -2.62111217e-01+0.j
 -2.62111217e-01+0.j          2.00776553e-01+0.3551867j
  2.00776553e-01-0.3551867j  -6.44821000e-16+0.j
  6.44821000e-16+0.j         -1.82269201e-01+0.j
  3.11112874e-01+0.38993508j  3.11112874e-01-0.38993508j]
Eigenval:  0j
Eigenvec:  [-1.74740811e-01+0.j         -1.74740811e-01+0.j
 -1.74740811e-01+0.j          5.33960943e-01+0.j
  5.33960943e-01-0.j         -1.61548151e-16+0.j
  1.61548151e-16+0.j         -3.95712731e-01+0.j
 -2.56316277e-01-0.26104752j -2.56316277e-01+0.26104752j]
Eigenval:  0j
Eigenvec:  [-0.43685203+0.j        -0.43685203+0.j        -0.43685203+0.j
  0.11376575-0.5072427j  0.11376575+0.5072427j -0.5       +0.j
  0.5       +0.j        -0.08865374+0.j         0.5613867 +0.j
  0.5613867 -0.j       ]
Eigenval:  (-0.4863890359345429+0j)
Eigenvec:  [-0.34948162+0.j -0.34948162+0.j -0.34948162+0.j  0.        -0.j
  0.        +0.j -0.5       +0.j  0.5       +0.j  0.        +0.j
  0.        -0.j  0.        +0.j]
Eigenval:  (-0.7018735688558619+0.8796971979298238j)
Eigenvec:  [-0.26211122+0.j         -0.26211122+0.j         -0.26211122+0.j
  0.30385289+0.10109228j  0.30385289-0.10109228j -0.5       +0.j
  0.5       +0.j          0.37473953+0.j          0.09843152-0.43219343j
  0.09843152+0.43219343j]
Eigenval:  (-0.7018735688558619-0.8796971979298238j)
Eigenvec:  [-0.52422243+0.j         -0.52422243+0.j         -0.52422243+0.j
  0.3108561 -0.28107179j  0.3108561 +0.28107179j -0.5       +0.j
  0.5       +0.j          0.81357247+0.j         -0.03927469+0.32270439j
 -0.03927469-0.32270439j]
========================= 1x1x4 Nodal Analysis =========================
[[-1.  1.  0.  0.]
 [ 1. -2.  1.  0.]
 [ 0.  1. -2.  1.]
 [ 0.  0.  1. -1.]]
Eigenval:  -9.230551756442553e-17
Eigenvec:  [-0.5        -0.65328148 -0.5        -0.27059805]
Eigenval:  -0.5857864376269049
Eigenvec:  [-0.5        -0.27059805  0.5         0.65328148]
Eigenval:  -1.999999999999997
Eigenvec:  [-0.5         0.27059805  0.5        -0.65328148]
Eigenval:  -3.4142135623730936
Eigenvec:  [-0.5         0.65328148 -0.5         0.27059805]